<?xml version="1.0" encoding="UTF-8"?>
<testng-results skipped="0" failed="0" total="1" passed="1">
  <reporter-output>
  </reporter-output>
  <suite name="Default suite" duration-ms="44" started-at="2019-09-06T10:08:48Z" finished-at="2019-09-06T10:08:48Z">
    <groups>
    </groups>
    <test name="Default test" duration-ms="44" started-at="2019-09-06T10:08:48Z" finished-at="2019-09-06T10:08:48Z">
      <class name="com.psm.pages.Registration">
        <test-method status="PASS" signature="reg()[pri:0, instance:com.psm.pages.Registration@cc285f4]" name="reg" duration-ms="14" started-at="2019-09-06T15:38:48Z" finished-at="2019-09-06T15:38:48Z">
          <reporter-output>
          </reporter-output>
        </test-method> <!-- reg -->
      </class> <!-- com.psm.pages.Registration -->
    </test> <!-- Default test -->
  </suite> <!-- Default suite -->
</testng-results>
